"../../../Engine/Content/Animation/DefaultAnimBoneCompressionSettings.uasset" 0
"../../../../../../Users/s208057/Documents/Unreal Projects/GraphicsNoContent/Content/Characters/Xbot/SK_xbot_Skeleton.uasset" 1
"../../../../../../Users/s208057/Documents/Unreal Projects/GraphicsNoContent/Content/Characters/Xbot/Animations/SK_Xbot_Kick.uasset" 2
"../../../../../../Users/s208057/Documents/Unreal Projects/GraphicsNoContent/Content/Characters/Xbot/Animations/SK_xbot_Punch.uasset" 3
"../../../../../../Users/s208057/Documents/Unreal Projects/GraphicsNoContent/Content/Characters/Xbot/Animations/SK_xbot_NinjaIdle.uasset" 4
"../../../../../../Users/s208057/Documents/Unreal Projects/GraphicsNoContent/Content/Characters/Xbot/Animations/SK_xbot_NinjaSneak.uasset" 5
"../../../../../../Users/s208057/Documents/Unreal Projects/GraphicsNoContent/Content/Characters/Xbot/Animations/SK_xbot_Run.uasset" 6
"../../../../../../Users/s208057/Documents/Unreal Projects/GraphicsNoContent/Content/Characters/Xbot/Animations/SK_Xbot_LocoMotion.uasset" 7
"../../../Engine/Content/EditorBlueprintResources/StandardMacros.uasset" 8
"../../../../../../Users/s208057/Documents/Unreal Projects/GraphicsNoContent/Content/Characters/Xbot/Animations/SK_xbot_AnimBP.uasset" 9
"../../../../../../Users/s208057/Documents/Unreal Projects/GraphicsNoContent/Content/Characters/Xbot/M_xbot_joints.uasset" 10
"../../../../../../Users/s208057/Documents/Unreal Projects/GraphicsNoContent/Content/Characters/Xbot/M_xbot_limbs.uasset" 11
"../../../../../../Users/s208057/Documents/Unreal Projects/GraphicsNoContent/Content/Characters/Xbot/SK_xbot_PhysicsAsset.uasset" 12
"../../../../../../Users/s208057/Documents/Unreal Projects/GraphicsNoContent/Content/Characters/Xbot/SK_xbot.uasset" 13
"../../../../../../Users/s208057/Documents/Unreal Projects/GraphicsNoContent/Content/UI/DanceButton.uasset" 14
"../../../../../../Users/s208057/Documents/Unreal Projects/GraphicsNoContent/Content/Characters/Xbot/BP_XbotPawn.uasset" 15
"../../../../../../Users/s208057/Documents/Unreal Projects/GraphicsNoContent/Content/MouseControl.uasset" 16
"../../../../../../Users/s208057/Documents/Unreal Projects/GraphicsNoContent/Content/GM_Xbot.uasset" 17
"../../../../../../Users/s208057/Documents/Unreal Projects/GraphicsNoContent/Content/Characters/Xbot/Animations/SK_xbot_ChickenDance.uasset" 18
"../../../../../../Users/s208057/Documents/Unreal Projects/GraphicsNoContent/Content/Characters/Xbot/Animations/SK_xbot_Idle.uasset" 19
"../../../../../../Users/s208057/Documents/Unreal Projects/GraphicsNoContent/Content/Characters/Xbot/Animations/SK_xbot_NormalRun.uasset" 20
"../../../Engine/Content/EngineMaterials/WeightMapPlaceholderTexture.uasset" 21
"../../../../../../Users/s208057/Documents/Unreal Projects/GraphicsNoContent/Content/Envoirment/Structures/sand1-albedo.uasset" 22
"../../../../../../Users/s208057/Documents/Unreal Projects/GraphicsNoContent/Content/Envoirment/Structures/sand1-metalness.uasset" 23
"../../../../../../Users/s208057/Documents/Unreal Projects/GraphicsNoContent/Content/Envoirment/Structures/sand1-normal-ue.uasset" 24
"../../../../../../Users/s208057/Documents/Unreal Projects/GraphicsNoContent/Content/Envoirment/Structures/sand1-roughness.uasset" 25
"../../../../../../Users/s208057/Documents/Unreal Projects/GraphicsNoContent/Content/Envoirment/Structures/Mat_DesertSand.uasset" 26
"../../../../../../Users/s208057/Documents/Unreal Projects/GraphicsNoContent/Content/Envoirment/Structures/T_ChipWall_Mat.uasset" 27
"../../../../../../Users/s208057/Documents/Unreal Projects/GraphicsNoContent/Content/Envoirment/Structures/T_ChipWall_Mat_Mat.uasset" 28
"../../../../../../Users/s208057/Documents/Unreal Projects/GraphicsNoContent/Content/Envoirment/Terrain/MF_ColorLandscape_asset1.uasset" 29
"../../../../../../Users/s208057/Documents/Unreal Projects/GraphicsNoContent/Content/Envoirment/Terrain/m_terrain.uasset" 30
"../../../../../../Users/s208057/Documents/Unreal Projects/GraphicsNoContent/Content/Envoirment/Terrain/mi_Desert.uasset" 31
"../../../../../../Users/s208057/Documents/Unreal Projects/GraphicsNoContent/Content/Worlds/NoContentWorld_sharedassets/Layer_grass_LayerInfo.uasset" 32
"../../../../../../Users/s208057/Documents/Unreal Projects/GraphicsNoContent/Content/Worlds/NoContentWorld_sharedassets/Layer_Sand_LayerInfo.uasset" 33
"../../../Engine/Content/Animation/DefaultAnimCurveCompressionSettings.uasset" 34
"../../../Engine/Content/Functions/Engine_MaterialFunctions01/Opacity/CameraDepthFade.uasset" 35
"../../../Engine/Content/EngineMaterials/T_Default_Material_Grid_M.uasset" 36
"../../../Engine/Content/EngineMaterials/T_Default_Material_Grid_N.uasset" 37
"../../../Engine/Content/EngineMaterials/WorldGridMaterial.uasset" 38
"../../../Engine/Content/ArtTools/RenderToTexture/Meshes/S_1_Unit_Plane.uasset" 39
"../../../Engine/Content/EngineMaterials/DefaultMaterial.uasset" 40
"../../../Engine/Content/BasicShapes/Cone.uasset" 41
"../../../Engine/Content/BasicShapes/Cube.uasset" 42
"../../../Engine/Content/BasicShapes/Cylinder.uasset" 43
"../../../Engine/Content/BasicShapes/Plane.uasset" 44
"../../../Engine/Content/BasicShapes/Sphere.uasset" 45
"../../../Engine/Content/EditorLandscapeResources/DataLayer.uasset" 46
"../../../Engine/Content/EditorMaterials/MAT_Groups_Toggle.uasset" 47
"../../../Engine/Content/EditorMaterials/MAT_Groups_Visibility.uasset" 48
"../../../Engine/Content/EditorMaterials/PreviewShadowIndicator.uasset" 49
"../../../Engine/Content/EditorMaterials/PreviewShadowIndicatorMaterial.uasset" 50
"../../../Engine/Content/EditorMaterials/MatineeGroups/MAT_ColorTrack.uasset" 51
"../../../Engine/Content/EditorMaterials/MatineeGroups/MAT_Groups_Anim.uasset" 52
"../../../Engine/Content/EditorMaterials/MatineeGroups/MAT_Groups_AudioMaster.uasset" 53
"../../../Engine/Content/EditorMaterials/MatineeGroups/MAT_Groups_Director.uasset" 54
"../../../Engine/Content/EditorMaterials/MatineeGroups/MAT_Groups_Event.uasset" 55
"../../../Engine/Content/EditorMaterials/MatineeGroups/MAT_Groups_Fade.uasset" 56
"../../../Engine/Content/EditorMaterials/MatineeGroups/MAT_Groups_Float.uasset" 57
"../../../Engine/Content/EditorMaterials/MatineeGroups/MAT_Groups_Move.uasset" 58
"../../../Engine/Content/EditorMaterials/MatineeGroups/MAT_Groups_Slomo.uasset" 59
"../../../Engine/Content/EditorMaterials/MatineeGroups/MAT_Groups_Sound.uasset" 60
"../../../Engine/Content/EditorMaterials/MatineeGroups/MAT_Groups_Vector.uasset" 61
"../../../Engine/Content/EditorMaterials/ParticleSystems/PSysThumbnail_NoImage.uasset" 62
"../../../Engine/Content/EditorMaterials/ParticleSystems/PSysThumbnail_OOD.uasset" 63
"../../../Engine/Content/EditorMaterials/Camera/CineMat.uasset" 64
"../../../Engine/Content/EditorMaterials/Camera/MI_CineMat_Rig.uasset" 65
"../../../Engine/Content/EditorMeshes/Camera/SM_CraneRig_Arm.uasset" 66
"../../../Engine/Content/EditorMeshes/Camera/SM_CraneRig_Base.uasset" 67
"../../../Engine/Content/EditorMeshes/Camera/SM_CraneRig_Body.uasset" 68
"../../../Engine/Content/EditorMeshes/Camera/SM_CraneRig_Mount.uasset" 69
"../../../Engine/Content/EditorMeshes/Camera/SM_RailRig_Mount.uasset" 70
"../../../Engine/Content/EditorMeshes/Camera/SM_RailRig_Track.uasset" 71
"../../../Engine/Content/EditorResources/BSPVertex.uasset" 72
"../../../Engine/Content/EditorResources/EmptyActor.uasset" 73
"../../../Engine/Content/EditorResources/S_Actor.uasset" 74
"../../../Engine/Content/EditorResources/S_Note.uasset" 75
"../../../Engine/Content/EditorResources/S_Solver.uasset" 76
"../../../Engine/Content/EditorResources/S_Trigger.uasset" 77
"../../../Engine/Content/EditorResources/LightIcons/S_LightError.uasset" 78
"../../../Engine/Content/EditorResources/SequenceRecorder/Countdown.uasset" 79
"../../../Engine/Content/EditorResources/SequenceRecorder/RecordingIndicator.uasset" 80
"../../../Engine/Content/EditorSounds/Notifications/CompileFailed.uasset" 81
"../../../Engine/Content/EditorSounds/Notifications/CompileFailed_Cue.uasset" 82
"../../../Engine/Content/EditorSounds/Notifications/CompileSuccess.uasset" 83
"../../../Engine/Content/EditorSounds/Notifications/CompileStart_Cue.uasset" 84
"../../../Engine/Content/EditorSounds/Notifications/CompileSuccess_Cue.uasset" 85
"../../../Engine/Content/EngineDamageTypes/DmgTypeBP_Environmental.uasset" 86
"../../../Engine/Content/EngineDebugMaterials/DebugEditorMaterial.uasset" 87
"../../../Engine/Content/EngineDebugMaterials/DebugMeshMaterial.uasset" 88
"../../../Engine/Content/EngineDebugMaterials/M_SimpleUnlitTranslucent.uasset" 89
"../../../Engine/Content/Functions/Engine_MaterialFunctions02/Utility/CameraDirectionVector.uasset" 90
"../../../Engine/Content/EngineDebugMaterials/VolumeToRender.uasset" 91
"../../../Engine/Content/EngineDebugMaterials/M_VolumeRenderSphereTracePP.uasset" 92
"../../../Engine/Content/EngineDebugMaterials/WireframeMaterial.uasset" 93
"../../../Engine/Content/EngineFonts/Faces/DroidSansFallback.uasset" 94
"../../../Engine/Content/EngineFonts/Faces/RobotoBold.uasset" 95
"../../../Engine/Content/EngineFonts/Faces/RobotoBoldItalic.uasset" 96
"../../../Engine/Content/EngineFonts/Faces/RobotoItalic.uasset" 97
"../../../Engine/Content/EngineFonts/Faces/RobotoLight.uasset" 98
"../../../Engine/Content/EngineFonts/Faces/RobotoRegular.uasset" 99
"../../../Engine/Content/EngineFonts/Roboto.uasset" 100
"../../../Engine/Content/EngineMaterials/BaseFlattenDiffuseMap.uasset" 101
"../../../Engine/Content/EngineMaterials/BaseFlattenEmissiveMap.uasset" 102
"../../../Engine/Content/EngineMaterials/BaseFlattenGrayscaleMap.uasset" 103
"../../../Engine/Content/EngineMaterials/BaseFlattenNormalMap.uasset" 104
"../../../Engine/Content/EngineMaterials/BaseFlattenMaterial.uasset" 105
"../../../Engine/Content/EngineMaterials/BlueNoise.uasset" 106
"../../../Engine/Content/EngineMaterials/DefaultBloomKernel.uasset" 107
"../../../Engine/Content/EngineMaterials/DefaultBokeh.uasset" 108
"../../../Engine/Content/EngineMaterials/DefaultDiffuse.uasset" 109
"../../../Engine/Content/EngineMaterials/DefaultDeferredDecalMaterial.uasset" 110
"../../../Engine/Content/EngineMaterials/DefaultLightFunctionMaterial.uasset" 111
"../../../Engine/Content/Functions/Engine_MaterialFunctions02/Utility/BreakOutFloat2Components.uasset" 112
"../../../Engine/Content/EngineMaterials/DefaultPostProcessMaterial.uasset" 113
"../../../Engine/Content/EngineFonts/RobotoDistanceField.uasset" 114
"../../../Engine/Content/EngineMaterials/DefaultTextMaterialOpaque.uasset" 115
"../../../Engine/Content/EngineMaterials/DefaultWhiteGrid.uasset" 116
"../../../Engine/Content/EngineMaterials/DefaultWhiteGrid_Low.uasset" 117
"../../../Engine/Content/EngineMaterials/EmissiveMeshMaterial.uasset" 118
"../../../Engine/Content/EngineMaterials/GizmoMaterial.uasset" 119
"../../../Engine/Content/EngineMaterials/Good64x64TilingNoiseHighFreq.uasset" 120
"../../../Engine/Content/EngineMaterials/MiniFont.uasset" 121
"../../../Engine/Content/EngineMaterials/InvalidLightmapSettings.uasset" 122
"../../../Engine/Content/EngineMaterials/M_InvalidLightmapSettings.uasset" 123
"../../../Engine/Content/Functions/Engine_MaterialFunctions02/WorldPositionOffset/CameraOffset.uasset" 124
"../../../Engine/Content/EngineMaterials/PhAT_JointLimitMaterial.uasset" 125
"../../../Engine/Content/EngineMaterials/PreintegratedSkinBRDF.uasset" 126
"../../../Engine/Content/EngineMaterials/RemoveSurfaceMaterial.uasset" 127
"../../../Engine/Content/EngineResources/WhiteSquareTexture.uasset" 128
"../../../Engine/Content/EngineMaterials/Widget3DPassThrough.uasset" 129
"../../../Engine/Content/EngineMaterials/Widget3DPassThrough_Masked.uasset" 130
"../../../Engine/Content/EngineMaterials/Widget3DPassThrough_Opaque.uasset" 131
"../../../Engine/Content/EngineMaterials/Widget3DPassThrough_Masked_OneSided.uasset" 132
"../../../Engine/Content/EngineMaterials/Widget3DPassThrough_Opaque_OneSided.uasset" 133
"../../../Engine/Content/EngineMaterials/Widget3DPassThrough_Translucent.uasset" 134
"../../../Engine/Content/EngineMaterials/Widget3DPassThrough_Translucent_OneSided.uasset" 135
"../../../Engine/Content/EngineMeshes/Cylinder.uasset" 136
"../../../Engine/Content/EngineMeshes/Sphere.uasset" 137
"../../../Engine/Content/EngineResources/Black.uasset" 138
"../../../Engine/Content/EngineResources/DefaultTextureCube.uasset" 139
"../../../Engine/Content/EngineResources/DefaultVolumeTexture2D.uasset" 140
"../../../Engine/Content/EngineResources/DefaultVolumeTexture.uasset" 141
"../../../Engine/Content/EngineResources/GradientTexture0.uasset" 142
"../../../Engine/Content/EngineSounds/Master.uasset" 143
"../../../Engine/Content/Functions/Engine_MaterialFunctions01/Shading/ConvertFromDiffSpec.uasset" 144
"../../../Engine/Content/Functions/Engine_MaterialFunctions01/Shading/PowerToRoughness.uasset" 145
"../../../Engine/Content/Maps/Templates/Thumbnails/Default.uasset" 146
"../../../Engine/Content/Maps/Templates/Thumbnails/TimeOfDay.uasset" 147
"../../../Engine/Content/Maps/Templates/Thumbnails/VR-Basic.uasset" 148
"../../../Engine/Content/MobileResources/T_MobileControls_texture.uasset" 149
"../../../Engine/Content/MobileResources/T_MobileMenu2.uasset" 150
"../../../Engine/Content/MobileResources/HUD/AnalogHat.uasset" 151
"../../../Engine/Content/MobileResources/HUD/VirtualJoystick_Background.uasset" 152
"../../../Engine/Content/MobileResources/HUD/VirtualJoystick_Thumb.uasset" 153
"../../../Engine/Content/MobileResources/HUD/DefaultVirtualJoysticks.uasset" 154
"../../../Engine/Content/MobileResources/HUD/LeftVirtualJoystickOnly.uasset" 155
"../../../Engine/Content/MobileResources/HUD/MobileHUDButton1_off.uasset" 156
"../../../Engine/Content/MobileResources/HUD/MobileHUDButton1_on.uasset" 157
"../../../Engine/Content/MobileResources/HUD/MobileHUDButton2_off.uasset" 158
"../../../Engine/Content/MobileResources/HUD/MobileHUDButton2_on.uasset" 159
"../../../Engine/Content/MobileResources/HUD/MobileHUDButton3.uasset" 160
"../../../Engine/Content/MobileResources/HUD/MobileHUDButtonFire.uasset" 161
"../../../Engine/Content/MobileResources/HUD/MobileHUDDirectionPad.uasset" 162
"../../../Engine/Content/MobileResources/HUD/MobileHUDDirectionPad2.uasset" 163
"../../../Engine/Content/MobileResources/HUD/MobileHUDDirectionPad3.uasset" 164
"../../../Engine/Content/MobileResources/HUD/MobileHUDDirectionStick.uasset" 165
"../../../Engine/Content/MobileResources/HUD/T_Castle_ThumbstickInner.uasset" 166
"../../../Engine/Content/MobileResources/HUD/T_Castle_ThumbstickOutter.uasset" 167
"../../../Engine/Content/Tutorial/ContentIntroCurve.uasset" 168
"../../../Engine/Content/Tutorial/Basics/LevelEditorAttract.uasset" 169
"../../../Engine/Content/VREditor/LaserPointer/VR_LaserPower_01.uasset" 170
"../../../Engine/Content/VREditor/TransformGizmo/TransformGizmoMaterial.uasset" 171
"../../../Engine/Content/VREditor/TransformGizmo/TranslucentTransformGizmoMaterial.uasset" 172
"../../../Engine/Content/VREditor/TransformGizmo/BoundingBoxCorner.uasset" 173
"../../../Engine/Content/VREditor/TransformGizmo/BoundingBoxEdge.uasset" 174
"../../../Engine/Content/VREditor/TransformGizmo/PlaneTranslationHandle.uasset" 175
"../../../Engine/Content/VREditor/TransformGizmo/Main.uasset" 176
"../../../Engine/Content/VREditor/TransformGizmo/Xray.uasset" 177
"../../../Engine/Content/VREditor/TransformGizmo/SM_Sequencer_Key.uasset" 178
"../../../Engine/Content/VREditor/TransformGizmo/SM_Sequencer_Node.uasset" 179
"../../Plugins/2D/Paper2D/Content/PlaceholderTextures/DummySpriteTexture.uasset" 180
"../../Plugins/2D/Paper2D/Content/DummySprite.uasset" 181
"../../Plugins/2D/Paper2D/Content/DefaultPaperTerrainMaterial.uasset" 182
"../../Plugins/2D/Paper2D/Content/DefaultSpriteMaterial.uasset" 183
"../../Plugins/2D/Paper2D/Content/MaskedUnlitSpriteMaterial.uasset" 184
"../../Plugins/2D/Paper2D/Content/OpaqueUnlitSpriteMaterial.uasset" 185
"../../Plugins/FX/Niagara/Content/Enums/ENiagaraBooleanLogicOps.uasset" 186
"../../Plugins/FX/Niagara/Content/Enums/ENiagaraCoordinateSpace.uasset" 187
"../../Plugins/FX/Niagara/Content/Enums/ENiagaraExpansionMode.uasset" 188
"../../Plugins/FX/Niagara/Content/Enums/ENiagaraOrientationAxis.uasset" 189
"../../Plugins/FX/Niagara/Content/Enums/ENiagaraRandomnessMode.uasset" 190
"../../../Engine/Content/Functions/Engine_MaterialFunctions02/Utility/BreakOutFloat4Components.uasset" 191
"../../../Engine/Content/Functions/Engine_MaterialFunctions02/Utility/MakeFloat2.uasset" 192
"../../../Engine/Content/Functions/Engine_MaterialFunctions02/Utility/MakeFloat3.uasset" 193
"../../Plugins/Runtime/Oculus/OculusVR/Content/Materials/OculusMR_ChromaKey.uasset" 194
"../../Plugins/Runtime/Oculus/OculusVR/Content/Materials/OculusMR_ChromaKey_Lit.uasset" 195
"../../Plugins/Runtime/Oculus/OculusVR/Content/Materials/OculusMR_OpaqueColoredMaterial.uasset" 196
"../../Plugins/Runtime/Oculus/OculusVR/Content/Materials/OculusMR_WhiteMaterial.uasset" 197
"../../../../../../Users/s208057/Documents/Unreal Projects/GraphicsNoContent/Content/Characters/Xbot/Animations/SK_xbot_Walking.uasset" 198
"../../../../../../Users/s208057/Documents/Unreal Projects/GraphicsNoContent/Content/Envoirment/Torch/T_Flame_D.uasset" 199
"../../../../../../Users/s208057/Documents/Unreal Projects/GraphicsNoContent/Content/Envoirment/Torch/M_Flame.uasset" 200
"../../../../../../Users/s208057/Documents/Unreal Projects/GraphicsNoContent/Content/Envoirment/Torch/BS_TorchParticleSystem.uasset" 201
"../../../../../../Users/s208057/Documents/Unreal Projects/GraphicsNoContent/Content/Envoirment/Torch/BP_Torch.uasset" 202
"../../../../../../Users/s208057/Documents/Unreal Projects/GraphicsNoContent/Content/Worlds/NoContentWorld_sharedassets/Grass_LayerInfo.uasset" 203
"../../../../../../Users/s208057/Documents/Unreal Projects/GraphicsNoContent/Content/Worlds/NoContentWorld_sharedassets/Ground_LayerInfo.uasset" 204
"../../../../../../Users/s208057/Documents/Unreal Projects/GraphicsNoContent/Content/Worlds/NoContentWorld_sharedassets/Path_LayerInfo.uasset" 205
"../../../../../../Users/s208057/Documents/Unreal Projects/GraphicsNoContent/Content/Worlds/NoContentWorld_BuiltData.uasset" 206
"../../../../../../Users/s208057/Documents/Unreal Projects/GraphicsNoContent/Content/Envoirment/Structures/T_ChipWall_ao.uasset" 207
"../../../../../../Users/s208057/Documents/Unreal Projects/GraphicsNoContent/Content/Envoirment/Structures/T_ChipWall_D.uasset" 208
"../../../../../../Users/s208057/Documents/Unreal Projects/GraphicsNoContent/Content/Envoirment/Structures/T_ChipWall_metallic.uasset" 209
"../../../../../../Users/s208057/Documents/Unreal Projects/GraphicsNoContent/Content/Envoirment/Structures/T_ChipWall_normal-dx.uasset" 210
"../../../../../../Users/s208057/Documents/Unreal Projects/GraphicsNoContent/Content/Envoirment/Structures/T_ChipWall_roughness.uasset" 211
"../../../../../../Users/s208057/Documents/Unreal Projects/GraphicsNoContent/Content/Envoirment/Structures/M_ChippedWall.uasset" 212
"../../../../../../Users/s208057/Documents/Unreal Projects/GraphicsNoContent/Content/Envoirment/Terrain/MF_Landscape_asset.uasset" 213
"../../../../../../Users/s208057/Documents/Unreal Projects/GraphicsNoContent/Content/Envoirment/Terrain/MF_NormalLandscape_asset1.uasset" 214
"../../../Engine/Content/EngineMaterials/DefaultNormal.uasset" 215
"../../../Engine/Content/EngineResources/DefaultTexture.uasset" 216
"../../../../../../Users/s208057/Documents/Unreal Projects/GraphicsNoContent/Content/Envoirment/Terrain/M_Landscape.uasset" 217
"../../../../../../Users/s208057/Documents/Unreal Projects/GraphicsNoContent/Content/Envoirment/Terrain/forest-trail1-albedo.uasset" 218
"../../../../../../Users/s208057/Documents/Unreal Projects/GraphicsNoContent/Content/Envoirment/Terrain/forest-trail1-normal.uasset" 219
"../../../../../../Users/s208057/Documents/Unreal Projects/GraphicsNoContent/Content/Envoirment/Terrain/grass1-albedo3.uasset" 220
"../../../../../../Users/s208057/Documents/Unreal Projects/GraphicsNoContent/Content/Envoirment/Terrain/grass1-normal1-dx.uasset" 221
"../../../../../../Users/s208057/Documents/Unreal Projects/GraphicsNoContent/Content/Envoirment/Terrain/sand1-normal-ue.uasset" 222
"../../../../../../Users/s208057/Documents/Unreal Projects/GraphicsNoContent/Content/Envoirment/Terrain/M_AdvLandScape.uasset" 223
"../../../Engine/Content/EngineMaterials/DefaultPhysicalMaterial.uasset" 224
"../../../../../../Users/s208057/Documents/Unreal Projects/GraphicsNoContent/Content/Worlds/NoContentWorld.umap" 225
"../../../Engine/Content/Maps/Entry_BuiltData.uasset" 226
"../../../Engine/Content/Maps/Entry.umap" 227
